E:\VS PRO\KILL_PIGS\DEBUG\BACKGROUND.OBJ
E:\VS PRO\KILL_PIGS\DEBUG\BOOM.OBJ
E:\VS PRO\KILL_PIGS\DEBUG\BOOMBOX.OBJ
E:\VS PRO\KILL_PIGS\DEBUG\BRID.OBJ
E:\VS PRO\KILL_PIGS\DEBUG\WINMAIN.OBJ
E:\VS PRO\KILL_PIGS\DEBUG\KILL_PIGS.OBJ
E:\VS PRO\KILL_PIGS\DEBUG\PIG.OBJ
E:\VS PRO\KILL_PIGS\DEBUG\PIGBOX.OBJ
E:\VS PRO\KILL_PIGS\DEBUG\WALL.OBJ
E:\VS PRO\KILL_PIGS\DEBUG\WALLBOX.OBJ
E:\VS PRO\KILL_PIGS\DEBUG\VC110.PDB
E:\VS PRO\KILL_PIGS\DEBUG\KILL_PIGS.ILK
E:\VS PRO\KILL_PIGS\DEBUG\KILL_PIGS.EXE
E:\VS PRO\KILL_PIGS\DEBUG\KILL_PIGS.PDB
E:\VS PRO\KILL_PIGS\DEBUG\KILL_PIGS.RES
E:\VS pro\Kill_Pigs\Debug\Background.obj
E:\VS pro\Kill_Pigs\Debug\Boom.obj
E:\VS pro\Kill_Pigs\Debug\BoomBox.obj
E:\VS pro\Kill_Pigs\Debug\Brid.obj
E:\VS pro\Kill_Pigs\Debug\Kill_Pigs.obj
E:\VS pro\Kill_Pigs\Debug\Pig.obj
E:\VS pro\Kill_Pigs\Debug\PigBox.obj
E:\VS pro\Kill_Pigs\Debug\Wall.obj
E:\VS pro\Kill_Pigs\Debug\WallBox.obj
E:\VS pro\Kill_Pigs\Debug\WinMain.obj
E:\VS pro\Kill_Pigs\Debug\Kill_Pigs.ilk
E:\VS pro\Kill_Pigs\Debug\cl.command.1.tlog
E:\VS pro\Kill_Pigs\Debug\CL.read.1.tlog
E:\VS pro\Kill_Pigs\Debug\CL.write.1.tlog
E:\VS pro\Kill_Pigs\Debug\link-cvtres.read.1.tlog
E:\VS pro\Kill_Pigs\Debug\link-cvtres.write.1.tlog
E:\VS pro\Kill_Pigs\Debug\link-rc.read.1.tlog
E:\VS pro\Kill_Pigs\Debug\link-rc.write.1.tlog
E:\VS pro\Kill_Pigs\Debug\link.command.1.tlog
E:\VS pro\Kill_Pigs\Debug\link.read.1.tlog
E:\VS pro\Kill_Pigs\Debug\link.write.1.tlog
E:\VS pro\Kill_Pigs\Debug\rc.command.1.tlog
E:\VS pro\Kill_Pigs\Debug\rc.read.1.tlog
E:\VS pro\Kill_Pigs\Debug\rc.write.1.tlog
E:\VS pro\Kill_Pigs\Debug\Kill_Pigs.res
E:\VS pro\Kill_Pigs\Debug\vc110.idb
E:\VS pro\Kill_Pigs\Debug\Kill_Pigs.pdb
E:\VS pro\Kill_Pigs\Debug\vc110.pdb
E:\VS pro\Kill_Pigs\Debug\Kill_Pigs.exe
