生成启动时间为 2021/8/31 11:23:30。
     1>项目“E:\VS pro\Kill_Pigs\Kill_Pigs.vcxproj”在节点 2 上(Rebuild 个目标)。
     1>ClCompile:
         E:\download\VSstudio\VC\bin\CL.exe /c /ZI /nologo /W3 /WX- /Od /Oy- /D WIN32 /D _DEBUG /D _WINDOWS /D _MBCS /Gm /EHsc /RTC1 /MDd /GS /fp:precise /Zc:wchar_t /Zc:forScope /Fo"Debug\\" /Fd"Debug\vc110.pdb" /Gd /TP /analyze- /errorReport:prompt BackGround\Background.cpp BoomBox\Boom.cpp BoomBox\BoomBox.cpp Brid\Brid.cpp GameFrame\WinMain.cpp Kill_Pigs\Kill_Pigs.cpp PigBox\Pig.cpp PigBox\PigBox.cpp WallBox\Wall.cpp WallBox\WallBox.cpp
         WallBox.cpp
         Wall.cpp
         PigBox.cpp
         Pig.cpp
         Kill_Pigs.cpp
         WinMain.cpp
         Brid.cpp
         BoomBox.cpp
         Boom.cpp
         Background.cpp
         正在生成代码...
       ResourceCompile:
         C:\Program Files (x86)\Windows Kits\8.0\bin\x86\rc.exe /l"0x0409" /nologo /fo"Debug\Kill_Pigs.res" Kill_Pigs.rc 
       Link:
         E:\download\VSstudio\VC\bin\link.exe /ERRORREPORT:PROMPT /OUT:"E:\VS pro\Kill_Pigs\Debug\Kill_Pigs.exe" /INCREMENTAL /NOLOGO kernel32.lib user32.lib gdi32.lib winspool.lib comdlg32.lib advapi32.lib shell32.lib ole32.lib oleaut32.lib uuid.lib odbc32.lib odbccp32.lib /MANIFEST /MANIFESTUAC:"level='asInvoker' uiAccess='false'" /manifest:embed /DEBUG /PDB:"E:\VS pro\Kill_Pigs\Debug\Kill_Pigs.pdb" /SUBSYSTEM:WINDOWS /TLBID:1 /DYNAMICBASE /NXCOMPAT /IMPLIB:"E:\VS pro\Kill_Pigs\Debug\Kill_Pigs.lib" /MACHINE:X86 Debug\Kill_Pigs.res
         Debug\Background.obj
         Debug\Boom.obj
         Debug\BoomBox.obj
         Debug\Brid.obj
         Debug\WinMain.obj
         Debug\Kill_Pigs.obj
         Debug\Pig.obj
         Debug\PigBox.obj
         Debug\Wall.obj
         Debug\WallBox.obj
         Kill_Pigs.vcxproj -> E:\VS pro\Kill_Pigs\Debug\Kill_Pigs.exe
     1>已完成生成项目“E:\VS pro\Kill_Pigs\Kill_Pigs.vcxproj”(Rebuild 个目标)的操作。

生成成功。

已用时间 00:00:05.34
