E:\VS PRO\飞机大战开发1\DEBUG\BACKGROUND.OBJ
E:\VS PRO\飞机大战开发1\DEBUG\FOEPLANE.OBJ
E:\VS PRO\飞机大战开发1\DEBUG\FOEPLANEBIG.OBJ
E:\VS PRO\飞机大战开发1\DEBUG\FOEPLANEBOX.OBJ
E:\VS PRO\飞机大战开发1\DEBUG\FOEPLANEMID.OBJ
E:\VS PRO\飞机大战开发1\DEBUG\FOEPLANESMA.OBJ
E:\VS PRO\飞机大战开发1\DEBUG\WINMAIN.OBJ
E:\VS PRO\飞机大战开发1\DEBUG\GUNNER.OBJ
E:\VS PRO\飞机大战开发1\DEBUG\GUNNERBOX.OBJ
E:\VS PRO\飞机大战开发1\DEBUG\PLANEAPP.OBJ
E:\VS PRO\飞机大战开发1\DEBUG\PLAYERPLANE.OBJ
E:\VS PRO\飞机大战开发1\DEBUG\VC110.PDB
E:\VS PRO\KILL_BILLS\DEBUG\飞机大战开发1.ILK
E:\VS PRO\KILL_BILLS\DEBUG\飞机大战开发1.EXE
E:\VS PRO\KILL_BILLS\DEBUG\飞机大战开发1.PDB
E:\VS PRO\飞机大战开发1\DEBUG\飞机大战开发.RES
E:\VS pro\飞机大战开发1\Debug\Background.obj
E:\VS pro\飞机大战开发1\Debug\FoePlane.obj
E:\VS pro\飞机大战开发1\Debug\FoePlaneBig.obj
E:\VS pro\飞机大战开发1\Debug\FoePlaneBox.obj
E:\VS pro\飞机大战开发1\Debug\FoePlaneMid.obj
E:\VS pro\飞机大战开发1\Debug\FoePlaneSma.obj
E:\VS pro\飞机大战开发1\Debug\Gunner.obj
E:\VS pro\飞机大战开发1\Debug\GunnerBox.obj
E:\VS pro\飞机大战开发1\Debug\PlaneApp.obj
E:\VS pro\飞机大战开发1\Debug\PlayerPlane.obj
E:\VS pro\飞机大战开发1\Debug\WinMain.obj
E:\VS pro\飞机大战开发1\Debug\cl.command.1.tlog
E:\VS pro\飞机大战开发1\Debug\CL.read.1.tlog
E:\VS pro\飞机大战开发1\Debug\CL.write.1.tlog
E:\VS pro\飞机大战开发1\Debug\link-cvtres.read.1.tlog
E:\VS pro\飞机大战开发1\Debug\link-cvtres.write.1.tlog
E:\VS pro\飞机大战开发1\Debug\link-rc.read.1.tlog
E:\VS pro\飞机大战开发1\Debug\link-rc.write.1.tlog
E:\VS pro\飞机大战开发1\Debug\link.command.1.tlog
E:\VS pro\飞机大战开发1\Debug\link.read.1.tlog
E:\VS pro\飞机大战开发1\Debug\link.write.1.tlog
E:\VS pro\飞机大战开发1\Debug\rc.command.1.tlog
E:\VS pro\飞机大战开发1\Debug\rc.read.1.tlog
E:\VS pro\飞机大战开发1\Debug\rc.write.1.tlog
E:\VS pro\飞机大战开发1\Debug\飞机大战开发.res
E:\VS pro\飞机大战开发1\Debug\vc110.idb
E:\VS pro\飞机大战开发1\Debug\vc110.pdb
E:\VS pro\Kill_Bills\Debug\飞机大战开发1.pdb
E:\VS pro\Kill_Bills\Debug\飞机大战开发1.exe
E:\VS pro\Kill_Bills\Debug\飞机大战开发1.ilk
